2021-07-20 16:25:14 [background-preinit] INFO  o.h.validator.internal.util.Version - HV000001: Hibernate Validator 6.2.0.Final
2021-07-20 16:25:14 [main] INFO  c.m.demo.config.server.ConfigServer - Starting ConfigServer using Java 11.0.9 on DESKTOP-025I98Q with PID 23404 (C:\marko\workspaces\Event-Driven-microservices-Kakfka-Elastic\workspace-one\microservices-demo\config-server\target\classes started by antor in C:\marko\workspaces\Event-Driven-microservices-Kakfka-Elastic\workspace-one\microservices-demo)
2021-07-20 16:25:14 [main] INFO  c.m.demo.config.server.ConfigServer - No active profile set, falling back to default profiles: default
2021-07-20 16:25:15 [main] INFO  o.s.cloud.context.scope.GenericScope - BeanFactory id=4834db4e-d071-30da-842c-792d5c954745
2021-07-20 16:25:15 [main] INFO  o.s.b.w.e.tomcat.TomcatWebServer - Tomcat initialized with port(s): 8888 (http)
2021-07-20 16:25:15 [main] INFO  o.a.coyote.http11.Http11NioProtocol - Initializing ProtocolHandler ["http-nio-8888"]
2021-07-20 16:25:15 [main] INFO  o.a.catalina.core.StandardService - Starting service [Tomcat]
2021-07-20 16:25:15 [main] INFO  o.a.catalina.core.StandardEngine - Starting Servlet engine: [Apache Tomcat/9.0.48]
2021-07-20 16:25:15 [main] INFO  o.a.c.c.C.[Tomcat].[localhost].[/] - Initializing Spring embedded WebApplicationContext
2021-07-20 16:25:15 [main] INFO  o.s.b.w.s.c.ServletWebServerApplicationContext - Root WebApplicationContext: initialization completed in 1506 ms
2021-07-20 16:25:16 [main] WARN  o.s.b.w.s.c.AnnotationConfigServletWebServerApplicationContext - Exception encountered during context initialization - cancelling refresh attempt: org.springframework.beans.factory.BeanCreationException: Error creating bean with name 'defaultEnvironmentRepository' defined in class path resource [org/springframework/cloud/config/server/config/DefaultRepositoryConfiguration.class]: Invocation of init method failed; nested exception is java.lang.IllegalStateException: You need to configure a uri for the git repository.
2021-07-20 16:25:16 [main] INFO  o.a.catalina.core.StandardService - Stopping service [Tomcat]
2021-07-20 16:25:16 [main] INFO  o.s.b.a.l.ConditionEvaluationReportLoggingListener - 

Error starting ApplicationContext. To display the conditions report re-run your application with 'debug' enabled.
2021-07-20 16:25:16 [main] ERROR o.s.b.d.LoggingFailureAnalysisReporter - 

***************************
APPLICATION FAILED TO START
***************************

Description:

Invalid config server configuration.

Action:

If you are using the git profile, you need to set a Git URI in your configuration.  If you have set spring.cloud.config.server.bootstrap=true, you need to use a composite configuration.

2021-07-20 16:26:58 [background-preinit] INFO  o.h.validator.internal.util.Version - HV000001: Hibernate Validator 6.2.0.Final
2021-07-20 16:26:58 [main] INFO  c.m.demo.config.server.ConfigServer - Starting ConfigServer using Java 11.0.9 on DESKTOP-025I98Q with PID 22216 (C:\marko\workspaces\Event-Driven-microservices-Kakfka-Elastic\workspace-one\microservices-demo\config-server\target\classes started by antor in C:\marko\workspaces\Event-Driven-microservices-Kakfka-Elastic\workspace-one\microservices-demo)
2021-07-20 16:26:58 [main] INFO  c.m.demo.config.server.ConfigServer - No active profile set, falling back to default profiles: default
2021-07-20 16:26:59 [main] INFO  o.s.cloud.context.scope.GenericScope - BeanFactory id=4834db4e-d071-30da-842c-792d5c954745
2021-07-20 16:26:59 [main] INFO  o.s.b.w.e.tomcat.TomcatWebServer - Tomcat initialized with port(s): 8888 (http)
2021-07-20 16:26:59 [main] INFO  o.a.coyote.http11.Http11NioProtocol - Initializing ProtocolHandler ["http-nio-8888"]
2021-07-20 16:26:59 [main] INFO  o.a.catalina.core.StandardService - Starting service [Tomcat]
2021-07-20 16:26:59 [main] INFO  o.a.catalina.core.StandardEngine - Starting Servlet engine: [Apache Tomcat/9.0.48]
2021-07-20 16:26:59 [main] INFO  o.a.c.c.C.[Tomcat].[localhost].[/] - Initializing Spring embedded WebApplicationContext
2021-07-20 16:26:59 [main] INFO  o.s.b.w.s.c.ServletWebServerApplicationContext - Root WebApplicationContext: initialization completed in 1331 ms
2021-07-20 16:27:00 [main] WARN  o.s.b.w.s.c.AnnotationConfigServletWebServerApplicationContext - Exception encountered during context initialization - cancelling refresh attempt: org.springframework.beans.factory.BeanCreationException: Error creating bean with name 'defaultEnvironmentRepository' defined in class path resource [org/springframework/cloud/config/server/config/DefaultRepositoryConfiguration.class]: Invocation of init method failed; nested exception is java.lang.IllegalStateException: You need to configure a uri for the git repository.
2021-07-20 16:27:00 [main] INFO  o.a.catalina.core.StandardService - Stopping service [Tomcat]
2021-07-20 16:27:00 [main] INFO  o.s.b.a.l.ConditionEvaluationReportLoggingListener - 

Error starting ApplicationContext. To display the conditions report re-run your application with 'debug' enabled.
2021-07-20 16:27:00 [main] ERROR o.s.b.d.LoggingFailureAnalysisReporter - 

***************************
APPLICATION FAILED TO START
***************************

Description:

Invalid config server configuration.

Action:

If you are using the git profile, you need to set a Git URI in your configuration.  If you have set spring.cloud.config.server.bootstrap=true, you need to use a composite configuration.

2021-07-20 16:28:23 [background-preinit] INFO  o.h.validator.internal.util.Version - HV000001: Hibernate Validator 6.2.0.Final
2021-07-20 16:28:23 [main] INFO  c.m.demo.config.server.ConfigServer - Starting ConfigServer using Java 11.0.9 on DESKTOP-025I98Q with PID 24408 (C:\marko\workspaces\Event-Driven-microservices-Kakfka-Elastic\workspace-one\microservices-demo\config-server\target\classes started by antor in C:\marko\workspaces\Event-Driven-microservices-Kakfka-Elastic\workspace-one\microservices-demo)
2021-07-20 16:28:23 [main] INFO  c.m.demo.config.server.ConfigServer - No active profile set, falling back to default profiles: default
2021-07-20 16:28:24 [main] INFO  o.s.cloud.context.scope.GenericScope - BeanFactory id=4834db4e-d071-30da-842c-792d5c954745
2021-07-20 16:28:24 [main] INFO  o.s.b.w.e.tomcat.TomcatWebServer - Tomcat initialized with port(s): 8888 (http)
2021-07-20 16:28:24 [main] INFO  o.a.coyote.http11.Http11NioProtocol - Initializing ProtocolHandler ["http-nio-8888"]
2021-07-20 16:28:24 [main] INFO  o.a.catalina.core.StandardService - Starting service [Tomcat]
2021-07-20 16:28:24 [main] INFO  o.a.catalina.core.StandardEngine - Starting Servlet engine: [Apache Tomcat/9.0.48]
2021-07-20 16:28:24 [main] INFO  o.a.c.c.C.[Tomcat].[localhost].[/] - Initializing Spring embedded WebApplicationContext
2021-07-20 16:28:24 [main] INFO  o.s.b.w.s.c.ServletWebServerApplicationContext - Root WebApplicationContext: initialization completed in 1261 ms
2021-07-20 16:28:25 [main] WARN  o.s.b.w.s.c.AnnotationConfigServletWebServerApplicationContext - Exception encountered during context initialization - cancelling refresh attempt: org.springframework.beans.factory.BeanCreationException: Error creating bean with name 'defaultEnvironmentRepository' defined in class path resource [org/springframework/cloud/config/server/config/DefaultRepositoryConfiguration.class]: Invocation of init method failed; nested exception is java.lang.IllegalStateException: You need to configure a uri for the git repository.
2021-07-20 16:28:25 [main] INFO  o.a.catalina.core.StandardService - Stopping service [Tomcat]
2021-07-20 16:28:25 [main] INFO  o.s.b.a.l.ConditionEvaluationReportLoggingListener - 

Error starting ApplicationContext. To display the conditions report re-run your application with 'debug' enabled.
2021-07-20 16:28:25 [main] ERROR o.s.b.d.LoggingFailureAnalysisReporter - 

***************************
APPLICATION FAILED TO START
***************************

Description:

Invalid config server configuration.

Action:

If you are using the git profile, you need to set a Git URI in your configuration.  If you have set spring.cloud.config.server.bootstrap=true, you need to use a composite configuration.

2021-07-20 16:29:53 [background-preinit] INFO  o.h.validator.internal.util.Version - HV000001: Hibernate Validator 6.2.0.Final
2021-07-20 16:29:53 [main] INFO  c.m.demo.config.server.ConfigServer - Starting ConfigServer using Java 11.0.9 on DESKTOP-025I98Q with PID 24692 (C:\marko\workspaces\Event-Driven-microservices-Kakfka-Elastic\workspace-one\microservices-demo\config-server\target\classes started by antor in C:\marko\workspaces\Event-Driven-microservices-Kakfka-Elastic\workspace-one\microservices-demo)
2021-07-20 16:29:53 [main] INFO  c.m.demo.config.server.ConfigServer - No active profile set, falling back to default profiles: default
2021-07-20 16:29:53 [main] INFO  o.s.cloud.context.scope.GenericScope - BeanFactory id=4834db4e-d071-30da-842c-792d5c954745
2021-07-20 16:29:54 [main] INFO  o.s.b.w.e.tomcat.TomcatWebServer - Tomcat initialized with port(s): 8888 (http)
2021-07-20 16:29:54 [main] INFO  o.a.coyote.http11.Http11NioProtocol - Initializing ProtocolHandler ["http-nio-8888"]
2021-07-20 16:29:54 [main] INFO  o.a.catalina.core.StandardService - Starting service [Tomcat]
2021-07-20 16:29:54 [main] INFO  o.a.catalina.core.StandardEngine - Starting Servlet engine: [Apache Tomcat/9.0.48]
2021-07-20 16:29:54 [main] INFO  o.a.c.c.C.[Tomcat].[localhost].[/] - Initializing Spring embedded WebApplicationContext
2021-07-20 16:29:54 [main] INFO  o.s.b.w.s.c.ServletWebServerApplicationContext - Root WebApplicationContext: initialization completed in 1413 ms
2021-07-20 16:29:55 [main] WARN  o.s.b.w.s.c.AnnotationConfigServletWebServerApplicationContext - Exception encountered during context initialization - cancelling refresh attempt: org.springframework.beans.factory.BeanCreationException: Error creating bean with name 'defaultEnvironmentRepository' defined in class path resource [org/springframework/cloud/config/server/config/DefaultRepositoryConfiguration.class]: Invocation of init method failed; nested exception is java.lang.IllegalStateException: You need to configure a uri for the git repository.
2021-07-20 16:29:55 [main] INFO  o.a.catalina.core.StandardService - Stopping service [Tomcat]
2021-07-20 16:29:55 [main] INFO  o.s.b.a.l.ConditionEvaluationReportLoggingListener - 

Error starting ApplicationContext. To display the conditions report re-run your application with 'debug' enabled.
2021-07-20 16:29:55 [main] ERROR o.s.b.d.LoggingFailureAnalysisReporter - 

***************************
APPLICATION FAILED TO START
***************************

Description:

Invalid config server configuration.

Action:

If you are using the git profile, you need to set a Git URI in your configuration.  If you have set spring.cloud.config.server.bootstrap=true, you need to use a composite configuration.

2021-07-20 16:30:20 [background-preinit] INFO  o.h.validator.internal.util.Version - HV000001: Hibernate Validator 6.2.0.Final
2021-07-20 16:30:20 [main] INFO  c.m.demo.config.server.ConfigServer - Starting ConfigServer using Java 11.0.9 on DESKTOP-025I98Q with PID 6384 (C:\marko\workspaces\Event-Driven-microservices-Kakfka-Elastic\workspace-one\microservices-demo\config-server\target\classes started by antor in C:\marko\workspaces\Event-Driven-microservices-Kakfka-Elastic\workspace-one\microservices-demo)
2021-07-20 16:30:20 [main] INFO  c.m.demo.config.server.ConfigServer - No active profile set, falling back to default profiles: default
2021-07-20 16:30:21 [main] INFO  o.s.cloud.context.scope.GenericScope - BeanFactory id=4834db4e-d071-30da-842c-792d5c954745
2021-07-20 16:30:22 [main] INFO  o.s.b.w.e.tomcat.TomcatWebServer - Tomcat initialized with port(s): 8888 (http)
2021-07-20 16:30:22 [main] INFO  o.a.coyote.http11.Http11NioProtocol - Initializing ProtocolHandler ["http-nio-8888"]
2021-07-20 16:30:22 [main] INFO  o.a.catalina.core.StandardService - Starting service [Tomcat]
2021-07-20 16:30:22 [main] INFO  o.a.catalina.core.StandardEngine - Starting Servlet engine: [Apache Tomcat/9.0.48]
2021-07-20 16:30:22 [main] INFO  o.a.c.c.C.[Tomcat].[localhost].[/] - Initializing Spring embedded WebApplicationContext
2021-07-20 16:30:22 [main] INFO  o.s.b.w.s.c.ServletWebServerApplicationContext - Root WebApplicationContext: initialization completed in 1362 ms
2021-07-20 16:30:23 [main] WARN  o.s.b.w.s.c.AnnotationConfigServletWebServerApplicationContext - Exception encountered during context initialization - cancelling refresh attempt: org.springframework.beans.factory.BeanCreationException: Error creating bean with name 'defaultEnvironmentRepository' defined in class path resource [org/springframework/cloud/config/server/config/DefaultRepositoryConfiguration.class]: Invocation of init method failed; nested exception is java.lang.IllegalStateException: You need to configure a uri for the git repository.
2021-07-20 16:30:23 [main] INFO  o.a.catalina.core.StandardService - Stopping service [Tomcat]
2021-07-20 16:30:23 [main] INFO  o.s.b.a.l.ConditionEvaluationReportLoggingListener - 

Error starting ApplicationContext. To display the conditions report re-run your application with 'debug' enabled.
2021-07-20 16:30:23 [main] ERROR o.s.b.d.LoggingFailureAnalysisReporter - 

***************************
APPLICATION FAILED TO START
***************************

Description:

Invalid config server configuration.

Action:

If you are using the git profile, you need to set a Git URI in your configuration.  If you have set spring.cloud.config.server.bootstrap=true, you need to use a composite configuration.

2021-07-20 16:32:53 [background-preinit] INFO  o.h.validator.internal.util.Version - HV000001: Hibernate Validator 6.2.0.Final
2021-07-20 16:32:53 [main] INFO  c.m.demo.config.server.ConfigServer - Starting ConfigServer using Java 11.0.9 on DESKTOP-025I98Q with PID 4220 (C:\marko\workspaces\Event-Driven-microservices-Kakfka-Elastic\workspace-one\microservices-demo\config-server\target\classes started by antor in C:\marko\workspaces\Event-Driven-microservices-Kakfka-Elastic\workspace-one\microservices-demo)
2021-07-20 16:32:53 [main] INFO  c.m.demo.config.server.ConfigServer - No active profile set, falling back to default profiles: default
2021-07-20 16:32:53 [main] INFO  o.s.cloud.context.scope.GenericScope - BeanFactory id=4834db4e-d071-30da-842c-792d5c954745
2021-07-20 16:32:54 [main] INFO  o.s.b.w.e.tomcat.TomcatWebServer - Tomcat initialized with port(s): 8888 (http)
2021-07-20 16:32:54 [main] INFO  o.a.coyote.http11.Http11NioProtocol - Initializing ProtocolHandler ["http-nio-8888"]
2021-07-20 16:32:54 [main] INFO  o.a.catalina.core.StandardService - Starting service [Tomcat]
2021-07-20 16:32:54 [main] INFO  o.a.catalina.core.StandardEngine - Starting Servlet engine: [Apache Tomcat/9.0.48]
2021-07-20 16:32:54 [main] INFO  o.a.c.c.C.[Tomcat].[localhost].[/] - Initializing Spring embedded WebApplicationContext
2021-07-20 16:32:54 [main] INFO  o.s.b.w.s.c.ServletWebServerApplicationContext - Root WebApplicationContext: initialization completed in 1258 ms
2021-07-20 16:32:55 [main] WARN  o.s.b.w.s.c.AnnotationConfigServletWebServerApplicationContext - Exception encountered during context initialization - cancelling refresh attempt: org.springframework.beans.factory.BeanCreationException: Error creating bean with name 'defaultEnvironmentRepository' defined in class path resource [org/springframework/cloud/config/server/config/DefaultRepositoryConfiguration.class]: Invocation of init method failed; nested exception is java.lang.IllegalStateException: You need to configure a uri for the git repository.
2021-07-20 16:32:55 [main] INFO  o.a.catalina.core.StandardService - Stopping service [Tomcat]
2021-07-20 16:32:55 [main] INFO  o.s.b.a.l.ConditionEvaluationReportLoggingListener - 

Error starting ApplicationContext. To display the conditions report re-run your application with 'debug' enabled.
2021-07-20 16:32:55 [main] ERROR o.s.b.d.LoggingFailureAnalysisReporter - 

***************************
APPLICATION FAILED TO START
***************************

Description:

Invalid config server configuration.

Action:

If you are using the git profile, you need to set a Git URI in your configuration.  If you have set spring.cloud.config.server.bootstrap=true, you need to use a composite configuration.

2021-07-20 16:36:17 [background-preinit] INFO  o.h.validator.internal.util.Version - HV000001: Hibernate Validator 6.2.0.Final
2021-07-20 16:36:17 [main] INFO  c.m.demo.config.server.ConfigServer - Starting ConfigServer using Java 11.0.9 on DESKTOP-025I98Q with PID 18528 (C:\marko\workspaces\Event-Driven-microservices-Kakfka-Elastic\workspace-one\microservices-demo\config-server\target\classes started by antor in C:\marko\workspaces\Event-Driven-microservices-Kakfka-Elastic\workspace-one\microservices-demo)
2021-07-20 16:36:17 [main] INFO  c.m.demo.config.server.ConfigServer - No active profile set, falling back to default profiles: default
2021-07-20 16:36:18 [main] INFO  o.s.cloud.context.scope.GenericScope - BeanFactory id=4834db4e-d071-30da-842c-792d5c954745
2021-07-20 16:36:18 [main] INFO  o.s.b.w.e.tomcat.TomcatWebServer - Tomcat initialized with port(s): 8888 (http)
2021-07-20 16:36:18 [main] INFO  o.a.coyote.http11.Http11NioProtocol - Initializing ProtocolHandler ["http-nio-8888"]
2021-07-20 16:36:18 [main] INFO  o.a.catalina.core.StandardService - Starting service [Tomcat]
2021-07-20 16:36:18 [main] INFO  o.a.catalina.core.StandardEngine - Starting Servlet engine: [Apache Tomcat/9.0.48]
2021-07-20 16:36:18 [main] INFO  o.a.c.c.C.[Tomcat].[localhost].[/] - Initializing Spring embedded WebApplicationContext
2021-07-20 16:36:18 [main] INFO  o.s.b.w.s.c.ServletWebServerApplicationContext - Root WebApplicationContext: initialization completed in 1287 ms
2021-07-20 16:36:19 [main] WARN  o.s.b.w.s.c.AnnotationConfigServletWebServerApplicationContext - Exception encountered during context initialization - cancelling refresh attempt: org.springframework.beans.factory.BeanCreationException: Error creating bean with name 'defaultEnvironmentRepository' defined in class path resource [org/springframework/cloud/config/server/config/DefaultRepositoryConfiguration.class]: Invocation of init method failed; nested exception is java.lang.IllegalStateException: You need to configure a uri for the git repository.
2021-07-20 16:36:19 [main] INFO  o.a.catalina.core.StandardService - Stopping service [Tomcat]
2021-07-20 16:36:19 [main] INFO  o.s.b.a.l.ConditionEvaluationReportLoggingListener - 

Error starting ApplicationContext. To display the conditions report re-run your application with 'debug' enabled.
2021-07-20 16:36:19 [main] ERROR o.s.b.d.LoggingFailureAnalysisReporter - 

***************************
APPLICATION FAILED TO START
***************************

Description:

Invalid config server configuration.

Action:

If you are using the git profile, you need to set a Git URI in your configuration.  If you have set spring.cloud.config.server.bootstrap=true, you need to use a composite configuration.

2021-07-20 16:45:27 [background-preinit] INFO  o.h.validator.internal.util.Version - HV000001: Hibernate Validator 6.2.0.Final
2021-07-20 16:45:27 [main] INFO  c.m.demo.config.server.ConfigServer - Starting ConfigServer using Java 11.0.9 on DESKTOP-025I98Q with PID 21572 (C:\marko\workspaces\Event-Driven-microservices-Kakfka-Elastic\workspace-one\microservices-demo\config-server\target\classes started by antor in C:\marko\workspaces\Event-Driven-microservices-Kakfka-Elastic\workspace-one\microservices-demo)
2021-07-20 16:45:27 [main] INFO  c.m.demo.config.server.ConfigServer - No active profile set, falling back to default profiles: default
2021-07-20 16:45:28 [main] INFO  o.s.cloud.context.scope.GenericScope - BeanFactory id=4834db4e-d071-30da-842c-792d5c954745
2021-07-20 16:45:28 [main] INFO  o.s.b.w.e.tomcat.TomcatWebServer - Tomcat initialized with port(s): 8888 (http)
2021-07-20 16:45:28 [main] INFO  o.a.coyote.http11.Http11NioProtocol - Initializing ProtocolHandler ["http-nio-8888"]
2021-07-20 16:45:28 [main] INFO  o.a.catalina.core.StandardService - Starting service [Tomcat]
2021-07-20 16:45:28 [main] INFO  o.a.catalina.core.StandardEngine - Starting Servlet engine: [Apache Tomcat/9.0.48]
2021-07-20 16:45:28 [main] INFO  o.a.c.c.C.[Tomcat].[localhost].[/] - Initializing Spring embedded WebApplicationContext
2021-07-20 16:45:28 [main] INFO  o.s.b.w.s.c.ServletWebServerApplicationContext - Root WebApplicationContext: initialization completed in 1340 ms
2021-07-20 16:45:29 [main] WARN  o.s.b.w.s.c.AnnotationConfigServletWebServerApplicationContext - Exception encountered during context initialization - cancelling refresh attempt: org.springframework.beans.factory.BeanCreationException: Error creating bean with name 'defaultEnvironmentRepository' defined in class path resource [org/springframework/cloud/config/server/config/DefaultRepositoryConfiguration.class]: Invocation of init method failed; nested exception is java.lang.IllegalStateException: You need to configure a uri for the git repository.
2021-07-20 16:45:29 [main] INFO  o.a.catalina.core.StandardService - Stopping service [Tomcat]
2021-07-20 16:45:29 [main] INFO  o.s.b.a.l.ConditionEvaluationReportLoggingListener - 

Error starting ApplicationContext. To display the conditions report re-run your application with 'debug' enabled.
2021-07-20 16:45:29 [main] ERROR o.s.b.d.LoggingFailureAnalysisReporter - 

***************************
APPLICATION FAILED TO START
***************************

Description:

Invalid config server configuration.

Action:

If you are using the git profile, you need to set a Git URI in your configuration.  If you have set spring.cloud.config.server.bootstrap=true, you need to use a composite configuration.

2021-07-20 16:45:43 [background-preinit] INFO  o.h.validator.internal.util.Version - HV000001: Hibernate Validator 6.2.0.Final
2021-07-20 16:45:43 [main] INFO  c.m.demo.config.server.ConfigServer - Starting ConfigServer using Java 11.0.9 on DESKTOP-025I98Q with PID 17024 (C:\marko\workspaces\Event-Driven-microservices-Kakfka-Elastic\workspace-one\microservices-demo\config-server\target\classes started by antor in C:\marko\workspaces\Event-Driven-microservices-Kakfka-Elastic\workspace-one\microservices-demo)
2021-07-20 16:45:43 [main] INFO  c.m.demo.config.server.ConfigServer - No active profile set, falling back to default profiles: default
2021-07-20 16:45:43 [main] INFO  o.s.cloud.context.scope.GenericScope - BeanFactory id=4834db4e-d071-30da-842c-792d5c954745
2021-07-20 16:45:44 [main] INFO  o.s.b.w.e.tomcat.TomcatWebServer - Tomcat initialized with port(s): 8888 (http)
2021-07-20 16:45:44 [main] INFO  o.a.coyote.http11.Http11NioProtocol - Initializing ProtocolHandler ["http-nio-8888"]
2021-07-20 16:45:44 [main] INFO  o.a.catalina.core.StandardService - Starting service [Tomcat]
2021-07-20 16:45:44 [main] INFO  o.a.catalina.core.StandardEngine - Starting Servlet engine: [Apache Tomcat/9.0.48]
2021-07-20 16:45:44 [main] INFO  o.a.c.c.C.[Tomcat].[localhost].[/] - Initializing Spring embedded WebApplicationContext
2021-07-20 16:45:44 [main] INFO  o.s.b.w.s.c.ServletWebServerApplicationContext - Root WebApplicationContext: initialization completed in 1255 ms
2021-07-20 16:45:45 [main] WARN  o.s.b.w.s.c.AnnotationConfigServletWebServerApplicationContext - Exception encountered during context initialization - cancelling refresh attempt: org.springframework.beans.factory.BeanCreationException: Error creating bean with name 'defaultEnvironmentRepository' defined in class path resource [org/springframework/cloud/config/server/config/DefaultRepositoryConfiguration.class]: Invocation of init method failed; nested exception is java.lang.IllegalStateException: You need to configure a uri for the git repository.
2021-07-20 16:45:45 [main] INFO  o.a.catalina.core.StandardService - Stopping service [Tomcat]
2021-07-20 16:45:45 [main] INFO  o.s.b.a.l.ConditionEvaluationReportLoggingListener - 

Error starting ApplicationContext. To display the conditions report re-run your application with 'debug' enabled.
2021-07-20 16:45:45 [main] ERROR o.s.b.d.LoggingFailureAnalysisReporter - 

***************************
APPLICATION FAILED TO START
***************************

Description:

Invalid config server configuration.

Action:

If you are using the git profile, you need to set a Git URI in your configuration.  If you have set spring.cloud.config.server.bootstrap=true, you need to use a composite configuration.

2021-07-20 16:46:09 [background-preinit] INFO  o.h.validator.internal.util.Version - HV000001: Hibernate Validator 6.2.0.Final
2021-07-20 16:46:09 [main] INFO  c.m.demo.config.server.ConfigServer - Starting ConfigServer using Java 11.0.9 on DESKTOP-025I98Q with PID 14640 (C:\marko\workspaces\Event-Driven-microservices-Kakfka-Elastic\workspace-one\microservices-demo\config-server\target\classes started by antor in C:\marko\workspaces\Event-Driven-microservices-Kakfka-Elastic\workspace-one\microservices-demo)
2021-07-20 16:46:09 [main] INFO  c.m.demo.config.server.ConfigServer - No active profile set, falling back to default profiles: default
2021-07-20 16:46:10 [main] INFO  o.s.cloud.context.scope.GenericScope - BeanFactory id=4834db4e-d071-30da-842c-792d5c954745
2021-07-20 16:46:10 [main] INFO  o.s.b.w.e.tomcat.TomcatWebServer - Tomcat initialized with port(s): 8888 (http)
2021-07-20 16:46:10 [main] INFO  o.a.coyote.http11.Http11NioProtocol - Initializing ProtocolHandler ["http-nio-8888"]
2021-07-20 16:46:10 [main] INFO  o.a.catalina.core.StandardService - Starting service [Tomcat]
2021-07-20 16:46:10 [main] INFO  o.a.catalina.core.StandardEngine - Starting Servlet engine: [Apache Tomcat/9.0.48]
2021-07-20 16:46:10 [main] INFO  o.a.c.c.C.[Tomcat].[localhost].[/] - Initializing Spring embedded WebApplicationContext
2021-07-20 16:46:10 [main] INFO  o.s.b.w.s.c.ServletWebServerApplicationContext - Root WebApplicationContext: initialization completed in 1269 ms
2021-07-20 16:46:11 [main] WARN  o.s.b.w.s.c.AnnotationConfigServletWebServerApplicationContext - Exception encountered during context initialization - cancelling refresh attempt: org.springframework.beans.factory.BeanCreationException: Error creating bean with name 'defaultEnvironmentRepository' defined in class path resource [org/springframework/cloud/config/server/config/DefaultRepositoryConfiguration.class]: Invocation of init method failed; nested exception is java.lang.IllegalStateException: You need to configure a uri for the git repository.
2021-07-20 16:46:11 [main] INFO  o.a.catalina.core.StandardService - Stopping service [Tomcat]
2021-07-20 16:46:11 [main] INFO  o.s.b.a.l.ConditionEvaluationReportLoggingListener - 

Error starting ApplicationContext. To display the conditions report re-run your application with 'debug' enabled.
2021-07-20 16:46:11 [main] ERROR o.s.b.d.LoggingFailureAnalysisReporter - 

***************************
APPLICATION FAILED TO START
***************************

Description:

Invalid config server configuration.

Action:

If you are using the git profile, you need to set a Git URI in your configuration.  If you have set spring.cloud.config.server.bootstrap=true, you need to use a composite configuration.

